<?xml version="1.0" encoding="UTF-8"?>
<testsuite xmlns:xsi="http://www.w3.org/2001/XMLSchema-instance" xsi:noNamespaceSchemaLocation="https://maven.apache.org/surefire/maven-surefire-plugin/xsd/surefire-test-report.xsd" name="com.ay.test.AyUserDaoTest" time="0.043" tests="1" errors="1" skipped="0" failures="0">
  <properties>
[...]
</properties>
  <testcase name="testFindAll" classname="com.ay.test.AyUserDaoTest" time="0.005">
    <error type="java.lang.NullPointerException">java.lang.NullPointerException
	at com.ay.test.AyUserDaoTest.testFindAll(AyUserDaoTest.java:29)
</error>
  </testcase>
</testsuite>